C51 COMPILER V8.02   GLOBAL                                                                04/27/2018 15:47:26 PAGE 1   


C51 COMPILER V8.02, COMPILATION OF MODULE GLOBAL
OBJECT MODULE PLACED IN .\OEM\Obj\global.obj
COMPILER INVOKED BY: C:\Keil\C51\BIN\C51.EXE OEM\sources\global.c OMF2 BROWSE VARBANKING DEBUG PRINT(.\OEM\lst\global.ls
                    -t) OBJECT(.\OEM\Obj\global.obj)

line level    source

   1          /*******************************************************************************/
   2          /********               Parade  Technologies,Inc.          *****************************/
   3          /*******************************************************************************/
   4          
   5          /*******************************************************************************/
   6          /* File name:                   global.inc                                                      
   7          /* Description:                 global variables
   8          /*******************************************************************************/
   9          
  10          // naming regulation
  11          // global variable:                     g_
  12          // unsigned char:                       uc
  13          // unsigned char far:           ucf
  14          // unsigned char code:          ucc
  15          // unsigned int:                        ui
  16          // bit:                                         b
  17          // union:                                       un
  18          // struct:                                      s
  19          // volatile:                            v
  20          // xdata:                                       x
  21          
  22          
  23          
  24          #include "global.h"
  25          
  26          unsigned char xdata g_ucTick = 0;
  27          unsigned char xdata g_ucTicks = 0;
  28          
  29          volatile unsigned char xdata g_vucxVersion _at_ 0x382;
  30          volatile unsigned char xdata g_vucxProjectID _at_ 0x064;
  31          
  32          unsigned char xdata g_ucxDisConnIgnore = 0;
  33          unsigned char xdata ucxCCState = 0;
  34          unsigned char xdata g_ucxRole_Control;
  35          unsigned short xdata usxDelay;
  36          
  37          unsigned short xdata g_usx_VBUS_SINK_DISCONNECT;
  38          unsigned short xdata g_usx_VBUS_STOP_DISCHARGE;
  39          unsigned short xdata g_usx_VBUS_VOLTAGE_ALARM_HI;
  40          unsigned short xdata g_usx_VBUS_VOLTAGE_ALARM_LO;
  41          
  42          unsigned char xdata g_ucxRaDisconnCnt = 0;
  43          unsigned char xdata g_ucxRpVal = 0;
  44          //unsigned char xdata g_ucxVBUS_Discharge = 0;
  45          unsigned char xdata g_ucxVBUS_Force_Discharge = 0;
  46          unsigned char xdata g_ucxExitSample = 0;


MODULE INFORMATION:   STATIC OVERLAYABLE
   CODE SIZE        =   ----    ----
   CONSTANT SIZE    =   ----    ----
   XDATA SIZE       =     19    ----
   PDATA SIZE       =   ----    ----
   DATA SIZE        =   ----    ----
C51 COMPILER V8.02   GLOBAL                                                                04/27/2018 15:47:26 PAGE 2   

   IDATA SIZE       =   ----    ----
   BIT SIZE         =   ----    ----
   EDATA SIZE       =   ----    ----
   HDATA SIZE       =   ----    ----
   XDATA CONST SIZE =   ----    ----
   FAR CONST SIZE   =   ----    ----
END OF MODULE INFORMATION.


C51 COMPILATION COMPLETE.  0 WARNING(S),  0 ERROR(S)
